<?xml version="1.0" encoding="UTF-8"?>
<!-- Generated by org.testng.reporters.JUnitXMLReporter -->
<testsuite ignored="0" hostname="LAPTOP-8DMJNPKO" failures="0" tests="1" name="fbhome_restart_chrome_browser" time="1.951" errors="0" timestamp="19 Aug 2023 12:43:12 GMT">
  <testcase classname="batch7TestNGProject1.B7NGProject1.NewTest" name="@BeforeMethod beforeMethod" time="1.905">
    <failure type="org.openqa.selenium.SessionNotCreatedException" message="session not created: This version of ChromeDriver only supports Chrome version 114
Current browser version is 116.0.5845.96 with binary path C:\Program Files\Google\Chrome\Application\chrome.exe
Build info: version: &amp;apos;3.141.59&amp;apos;, revision: &amp;apos;e82be7d358&amp;apos;, time: &amp;apos;2018-11-14T08:17:03&amp;apos;
System info: host: &amp;apos;LAPTOP-8DMJNPKO&amp;apos;, ip: &amp;apos;192.168.94.1&amp;apos;, os.name: &amp;apos;Windows 10&amp;apos;, os.arch: &amp;apos;amd64&amp;apos;, os.version: &amp;apos;10.0&amp;apos;, java.version: &amp;apos;13.0.2&amp;apos;
Driver info: driver.version: ChromeDriver
remote stacktrace: Backtrace:
	GetHandleVerifier [0x0055A813+48355]
	(No symbol) [0x004EC4B1]
	(No symbol) [0x003F5358]
	(No symbol) [0x004161AC]
	(No symbol) [0x00411EF3]
	(No symbol) [0x00410579]
	(No symbol) [0x00440C55]
	(No symbol) [0x0044093C]
	(No symbol) [0x0043A536]
	(No symbol) [0x004182DC]
	(No symbol) [0x004193DD]
	GetHandleVerifier [0x007BAABD+2539405]
	GetHandleVerifier [0x007FA78F+2800735]
	GetHandleVerifier [0x007F456C+2775612]
	GetHandleVerifier [0x005E51E0+616112]
	(No symbol) [0x004F5F8C]
	(No symbol) [0x004F2328]
	(No symbol) [0x004F240B]
	(No symbol) [0x004E4FF7]
	BaseThreadInitThunk [0x768F00C9+25]
	RtlGetAppContainerNamedObjectPath [0x77C77B1E+286]
	RtlGetAppContainerNamedObjectPath [0x77C77AEE+238]
">
      <![CDATA[org.openqa.selenium.SessionNotCreatedException: session not created: This version of ChromeDriver only supports Chrome version 114
Current browser version is 116.0.5845.96 with binary path C:\Program Files\Google\Chrome\Application\chrome.exe
Build info: version: '3.141.59', revision: 'e82be7d358', time: '2018-11-14T08:17:03'
System info: host: 'LAPTOP-8DMJNPKO', ip: '192.168.94.1', os.name: 'Windows 10', os.arch: 'amd64', os.version: '10.0', java.version: '13.0.2'
Driver info: driver.version: ChromeDriver
remote stacktrace: Backtrace:
GetHandleVerifier [0x0055A813+48355]
(No symbol) [0x004EC4B1]
(No symbol) [0x003F5358]
(No symbol) [0x004161AC]
(No symbol) [0x00411EF3]
(No symbol) [0x00410579]
(No symbol) [0x00440C55]
(No symbol) [0x0044093C]
(No symbol) [0x0043A536]
(No symbol) [0x004182DC]
(No symbol) [0x004193DD]
GetHandleVerifier [0x007BAABD+2539405]
GetHandleVerifier [0x007FA78F+2800735]
GetHandleVerifier [0x007F456C+2775612]
GetHandleVerifier [0x005E51E0+616112]
(No symbol) [0x004F5F8C]
(No symbol) [0x004F2328]
(No symbol) [0x004F240B]
(No symbol) [0x004E4FF7]
BaseThreadInitThunk [0x768F00C9+25]
RtlGetAppContainerNamedObjectPath [0x77C77B1E+286]
RtlGetAppContainerNamedObjectPath [0x77C77AEE+238]

at org.openqa.selenium.remote.W3CHandshakeResponse.lambda$errorHandler$0(W3CHandshakeResponse.java:62)
at org.openqa.selenium.remote.HandshakeResponse.lambda$getResponseFunction$0(HandshakeResponse.java:30)
at org.openqa.selenium.remote.ProtocolHandshake.lambda$createSession$0(ProtocolHandshake.java:126)
at java.base/java.util.stream.ReferencePipeline$3$1.accept(ReferencePipeline.java:195)
at java.base/java.util.Spliterators$ArraySpliterator.tryAdvance(Spliterators.java:958)
at java.base/java.util.stream.ReferencePipeline.forEachWithCancel(ReferencePipeline.java:127)
at java.base/java.util.stream.AbstractPipeline.copyIntoWithCancel(AbstractPipeline.java:502)
at java.base/java.util.stream.AbstractPipeline.copyInto(AbstractPipeline.java:488)
at java.base/java.util.stream.AbstractPipeline.wrapAndCopyInto(AbstractPipeline.java:474)
at java.base/java.util.stream.FindOps$FindOp.evaluateSequential(FindOps.java:150)
at java.base/java.util.stream.AbstractPipeline.evaluate(AbstractPipeline.java:234)
at java.base/java.util.stream.ReferencePipeline.findFirst(ReferencePipeline.java:543)
at org.openqa.selenium.remote.ProtocolHandshake.createSession(ProtocolHandshake.java:128)
at org.openqa.selenium.remote.ProtocolHandshake.createSession(ProtocolHandshake.java:74)
at org.openqa.selenium.remote.HttpCommandExecutor.execute(HttpCommandExecutor.java:136)
at org.openqa.selenium.remote.service.DriverCommandExecutor.execute(DriverCommandExecutor.java:83)
at org.openqa.selenium.remote.RemoteWebDriver.execute(RemoteWebDriver.java:552)
at org.openqa.selenium.remote.RemoteWebDriver.startSession(RemoteWebDriver.java:213)
at org.openqa.selenium.remote.RemoteWebDriver.<init>(RemoteWebDriver.java:131)
at org.openqa.selenium.chrome.ChromeDriver.<init>(ChromeDriver.java:181)
at org.openqa.selenium.chrome.ChromeDriver.<init>(ChromeDriver.java:168)
at org.openqa.selenium.chrome.ChromeDriver.<init>(ChromeDriver.java:123)
at batch7TestNGProject1.B7NGProject1.NewTest.beforeMethod(NewTest.java:38)
at java.base/java.util.concurrent.FutureTask.run(FutureTask.java:264)
at java.base/java.util.concurrent.ThreadPoolExecutor.runWorker(ThreadPoolExecutor.java:1128)
at java.base/java.util.concurrent.ThreadPoolExecutor$Worker.run(ThreadPoolExecutor.java:628)
at java.base/java.lang.Thread.run(Thread.java:830)
... Removed 24 stack frames]]>
    </failure>
  </testcase> <!-- @BeforeMethod beforeMethod -->
  <testcase classname="batch7TestNGProject1.B7NGProject1.NewTest" name="@AfterMethod afterMethod" time="0.0">
    <skipped/>
  </testcase> <!-- @AfterMethod afterMethod -->
  <testcase classname="batch7TestNGProject1.B7NGProject1.NewTest" name="fbtextTestCase" time="0.0">
    <skipped/>
  </testcase> <!-- fbtextTestCase -->
</testsuite> <!-- fbhome_restart_chrome_browser -->
